<?xml version="1.0" encoding="UTF-8"?>
<!-- Generated by org.testng.reporters.JUnitXMLReporter -->
<testsuite ignored="9" hostname="DESKTOP-QS1767H" failures="1" tests="1" name="Default test" time="13.649" errors="0" timestamp="2024-02-19T17:33:31 IST">
  <testcase classname="TestResult.LoginPageTest" name="checkTable" time="9.126">
    <failure type="java.io.FileNotFoundException" message="  (The system cannot find the path specified)">
      <![CDATA[java.io.FileNotFoundException:   (The system cannot find the path specified)
at java.base/java.io.FileOutputStream.open0(Native Method)
at java.base/java.io.FileOutputStream.open(FileOutputStream.java:293)
at java.base/java.io.FileOutputStream.<init>(FileOutputStream.java:235)
at java.base/java.io.FileOutputStream.<init>(FileOutputStream.java:184)
at org.apache.commons.io.FileUtils.doCopyFile(FileUtils.java:1123)
at org.apache.commons.io.FileUtils.copyFile(FileUtils.java:1076)
at org.apache.commons.io.FileUtils.copyFile(FileUtils.java:1028)
at TestResult.LoginPageTest.checkTable(LoginPageTest.java:259)
at java.base/jdk.internal.reflect.NativeMethodAccessorImpl.invoke0(Native Method)
at java.base/jdk.internal.reflect.NativeMethodAccessorImpl.invoke(NativeMethodAccessorImpl.java:77)
at java.base/jdk.internal.reflect.DelegatingMethodAccessorImpl.invoke(DelegatingMethodAccessorImpl.java:43)
at java.base/java.lang.reflect.Method.invoke(Method.java:568)
at org.testng.internal.invokers.MethodInvocationHelper.invokeMethod(MethodInvocationHelper.java:139)
at org.testng.internal.invokers.TestInvoker.invokeMethod(TestInvoker.java:664)
at org.testng.internal.invokers.TestInvoker.invokeTestMethod(TestInvoker.java:227)
at org.testng.internal.invokers.MethodRunner.runInSequence(MethodRunner.java:50)
at org.testng.internal.invokers.TestInvoker$MethodInvocationAgent.invoke(TestInvoker.java:957)
at org.testng.internal.invokers.TestInvoker.invokeTestMethods(TestInvoker.java:200)
at org.testng.internal.invokers.TestMethodWorker.invokeTestMethods(TestMethodWorker.java:148)
at org.testng.internal.invokers.TestMethodWorker.run(TestMethodWorker.java:128)
at java.base/java.util.ArrayList.forEach(ArrayList.java:1511)
at org.testng.TestRunner.privateRun(TestRunner.java:848)
at org.testng.TestRunner.run(TestRunner.java:621)
at org.testng.SuiteRunner.runTest(SuiteRunner.java:443)
at org.testng.SuiteRunner.runSequentially(SuiteRunner.java:437)
at org.testng.SuiteRunner.privateRun(SuiteRunner.java:397)
at org.testng.SuiteRunner.run(SuiteRunner.java:336)
at org.testng.SuiteRunnerWorker.runSuite(SuiteRunnerWorker.java:52)
at org.testng.SuiteRunnerWorker.run(SuiteRunnerWorker.java:95)
at org.testng.TestNG.runSuitesSequentially(TestNG.java:1280)
at org.testng.TestNG.runSuitesLocally(TestNG.java:1200)
at org.testng.TestNG.runSuites(TestNG.java:1114)
at org.testng.TestNG.run(TestNG.java:1082)
at org.testng.remote.AbstractRemoteTestNG.run(AbstractRemoteTestNG.java:115)
at org.testng.remote.RemoteTestNG.initAndRun(RemoteTestNG.java:251)
at org.testng.remote.RemoteTestNG.main(RemoteTestNG.java:77)
]]>
    </failure>
  </testcase> <!-- checkTable -->
  <testcase classname="TestResult.LoginPageTest" name="validateLogin" time="0.0">
    <ignored/>
  </testcase> <!-- validateLogin -->
  <testcase classname="TestResult.LoginPageTest" name="validateCurrentUrl" time="0.0">
    <ignored/>
  </testcase> <!-- validateCurrentUrl -->
  <testcase classname="TestResult.LoginPageTest" name="mytrip" time="0.0">
    <ignored/>
  </testcase> <!-- mytrip -->
  <testcase classname="TestResult.LoginPageTest" name="voidDtable" time="0.0">
    <ignored/>
  </testcase> <!-- voidDtable -->
  <testcase classname="TestResult.LoginPageTest" name="vcheckInvalidLogin" time="0.0">
    <ignored/>
  </testcase> <!-- vcheckInvalidLogin -->
  <testcase classname="TestResult.LoginPageTest" name="amazonDropdown" time="0.0">
    <ignored/>
  </testcase> <!-- amazonDropdown -->
  <testcase classname="TestResult.LoginPageTest" name="s" time="0.0">
    <ignored/>
  </testcase> <!-- s -->
  <testcase classname="TestResult.LoginPageTest" name="validateTitle" time="0.0">
    <ignored/>
  </testcase> <!-- validateTitle -->
  <testcase classname="TestResult.LoginPageTest" name="wiki" time="0.0">
    <ignored/>
  </testcase> <!-- wiki -->
</testsuite> <!-- Default test -->
